#
# A fatal error has been detected by the Java Runtime Environment:
#
#  EXCEPTION_ACCESS_VIOLATION (0xc0000005) at pc=0x00007ff9c44242d2, pid=14084, tid=16068
#
# JRE version: Java(TM) SE Runtime Environment (21.0.9+7) (build 21.0.9+7-LTS-338)
# Java VM: Java HotSpot(TM) 64-Bit Server VM (21.0.9+7-LTS-338, mixed mode, sharing, tiered, compressed oops, compressed class ptrs, g1 gc, windows-amd64)
# Problematic frame:
# V  [jvm.dll+0x6f42d2]
#
# No core dump will be written. Minidumps are not enabled by default on client versions of Windows
#
# If you would like to submit a bug report, please visit:
#   https://bugreport.java.com/bugreport/crash.jsp
#

---------------  S U M M A R Y ------------

Command Line: --enable-native-access=ALL-UNNAMED -Dclassworlds.conf=C:\Users\USER\Downloads\apache-maven-3.9.16-bin\apache-maven-3.9.16\bin\m2.conf -Dmaven.home=C:\Users\USER\Downloads\apache-maven-3.9.16-bin\apache-maven-3.9.16 -Dlibrary.jansi.path=C:\Users\USER\Downloads\apache-maven-3.9.16-bin\apache-maven-3.9.16\lib\jansi-native -Dmaven.multiModuleProjectDirectory=C:\Users\USER\Documents\backend-AgroLink\AgroLink org.codehaus.plexus.classworlds.launcher.Launcher spring-boot:run

Host: Intel(R) Core(TM) i3-8130U CPU @ 2.20GHz, 4 cores, 15G,  Windows 11 , 64 bit Build 26100 (10.0.26100.8875)
Time: Fri Jul 17 21:16:01 2026 Hora est. Pac璗ico, Sudam廨ica elapsed time: 11.455529 seconds (0d 0h 0m 11s)

---------------  T H R E A D  ---------------

Current thread (0x000001c4fdf166f0):  JavaThread "C2 CompilerThread1" daemon [_thread_in_native, id=16068, stack(0x000000871df00000,0x000000871e000000) (1024K)]


Current CompileTask:
C2:  11455 7725   !   4       lombok.javac.JavacAST::drill (146 bytes)

Stack: [0x000000871df00000,0x000000871e000000],  sp=0x000000871dffc3b0,  free space=1008k
Native frames: (J=compiled Java code, j=interpreted, Vv=VM code, C=native code)
V  [jvm.dll+0x6f42d2]
V  [jvm.dll+0x6f16d5]
V  [jvm.dll+0x248983]
V  [jvm.dll+0x246b14]
V  [jvm.dll+0x1c7a3e]
V  [jvm.dll+0x256329]
V  [jvm.dll+0x2548ba]
V  [jvm.dll+0x3efdee]
V  [jvm.dll+0x80265b]
V  [jvm.dll+0x6ca66d]
C  [ucrtbase.dll+0x2cd30]
C  [KERNEL32.DLL+0x2e957]
C  [ntdll.dll+0xaad6c]


siginfo: EXCEPTION_ACCESS_VIOLATION (0xc0000005), reading address 0x0000000000200028


Registers:
RAX=0x0000000000200000, RBX=0x000001c4c5c37fd8, RCX=0x000000000000000d, RDX=0x00000000000000c4
RSP=0x000000871dffc3b0, RBP=0x000000871dffdb90, RSI=0x000000871dffdb90, RDI=0x000000871dffc5d0
R8 =0x0000000000013890, R9 =0x000001c4c55aee20, R10=0x00000000000058ee, R11=0x000001c4fde54450
R12=0x000001c4fd84bed0, R13=0x000001c4c5c37f50, R14=0x000000871dffe7c0, R15=0x0000000000000000
RIP=0x00007ff9c44242d2, EFLAGS=0x0000000000010283


Register to memory mapping:

RAX=0x0000000000200000 is an unknown value
RBX=0x000001c4c5c37fd8 points into unknown readable memory: 0x000000871dffe770 | 70 e7 ff 1d 87 00 00 00
RCX=0x000000000000000d is an unknown value
RDX=0x00000000000000c4 is an unknown value
RSP=0x000000871dffc3b0 is pointing into the stack for thread: 0x000001c4fdf166f0
RBP=0x000000871dffdb90 is pointing into the stack for thread: 0x000001c4fdf166f0
RSI=0x000000871dffdb90 is pointing into the stack for thread: 0x000001c4fdf166f0
RDI=0x000000871dffc5d0 is pointing into the stack for thread: 0x000001c4fdf166f0
R8 =0x0000000000013890 is an unknown value
R9 =0x000001c4c55aee20 points into unknown readable memory: 0x000001c4c5a30078 | 78 00 a3 c5 c4 01 00 00
R10=0x00000000000058ee is an unknown value
R11=0x000001c4fde54450 points into unknown readable memory: 0x00007ff9c464d118 | 18 d1 64 c4 f9 7f 00 00
R12=0x000001c4fd84bed0 points into unknown readable memory: 0x8000001400000001 | 01 00 00 00 14 00 00 80
R13=0x000001c4c5c37f50 points into unknown readable memory: 0x000000871dffe770 | 70 e7 ff 1d 87 00 00 00
R14=0x000000871dffe7c0 is pointing into the stack for thread: 0x000001c4fdf166f0
R15=0x0 is null

Top of Stack: (sp=0x000000871dffc3b0)
0x000000871dffc3b0:   0000000000000000 000000871dffe7c0
0x000000871dffc3c0:   0000000000000000 000000871dffe7c0
0x000000871dffc3d0:   000000871dffe640 00007ff9c44216d5
0x000000871dffc3e0:   000000871dffc5a0 00007ff9c462b010
0x000000871dffc3f0:   000000871dffe640 00007ff9c462b010
0x000000871dffc400:   0000000000000400 000001c4fd047f58
0x000000871dffc410:   0000000000000400 000001c4fe4838d0
0x000000871dffc420:   0000000000000000 000000871dffe7c0
0x000000871dffc430:   000001c4fd84be80 000001c4fd84bed0
0x000000871dffc440:   000000871dffe640 00007ff9c462b010
0x000000871dffc450:   000000871dffc560 00007ff9c3f78983
0x000000871dffc460:   000001c4c5c37f50 000000871dffdb90
0x000000871dffc470:   000001c4c5c37f50 000001c4c5c37f50
0x000000871dffc480:   0000000000000000 00007ffa0b6fa9eb
0x000000871dffc490:   0000000000000000 0000000000000000
0x000000871dffc4a0:   0000000000000000 0000000000000000
0x000000871dffc4b0:   0000000000000000 00007ff9c462b010
0x000000871dffc4c0:   0000000000000000 0000000000000000
0x000000871dffc4d0:   0000000000000000 00007ff9c462b010
0x000000871dffc4e0:   0000000000000000 0000000000000000
0x000000871dffc4f0:   000001c4de3020f0 000001c4fe43a560
0x000000871dffc500:   0000000000040298 000001c4fe442548
0x000000871dffc510:   000001c4fe4838d0 000001c4fe9d2530
0x000000871dffc520:   000001c4fe9d2580 000001c4fe9da518
0x000000871dffc530:   0000000000090220 0000000000000000
0x000000871dffc540:   0000000000000000 0000000000000000
0x000000871dffc550:   0000000000000000 0000000000000000
0x000000871dffc560:   0000000000000000 00007ff9c46ee9b8
0x000000871dffc570:   0000000000000000 0000000000000000
0x000000871dffc580:   0000000000000000 00007ff9c46ee9b8
0x000000871dffc590:   0000000000000000 0000000000000000
0x000000871dffc5a0:   0000000000000003 000000871dffe640 

Instructions: (pc=0x00007ff9c44242d2)
0x00007ff9c44241d2:   08 72 0a 48 8d 41 08 49 89 41 18 eb 12 45 33 c0
0x00007ff9c44241e2:   49 8b c9 41 8d 50 08 e8 92 11 9d ff 48 8b c8 48
0x00007ff9c44241f2:   89 4e 10 4c 89 29 44 8b 7e 08 8d 53 01 85 d2 74
0x00007ff9c4424202:   04 85 d3 74 0c 0f bd ca ba 01 00 00 00 ff c1 d3
0x00007ff9c4424212:   e2 48 8b 0e 4a 8d 3c fd 00 00 00 00 44 8b ca 4c
0x00007ff9c4424222:   8b c7 89 56 08 48 8b 56 10 49 c1 e1 03 44 89 6c
0x00007ff9c4424232:   24 20 e8 67 0d 9d ff 44 8b 46 08 33 d2 45 2b c7
0x00007ff9c4424242:   48 89 46 10 49 c1 e0 03 48 8d 0c 07 e8 af 3d 20
0x00007ff9c4424252:   00 48 8b 46 10 4d 89 24 06 48 8b 55 28 ff c3 3b
0x00007ff9c4424262:   5a 08 0f 82 16 ff ff ff 4c 8b 7c 24 30 4c 8b 74
0x00007ff9c4424272:   24 38 4c 8b 64 24 70 48 8b 7c 24 68 48 8b 74 24
0x00007ff9c4424282:   60 48 83 c4 40 41 5d 5d 5b c3 cc cc cc cc 48 89
0x00007ff9c4424292:   5c 24 08 48 89 74 24 10 57 48 83 ec 20 48 8b 59
0x00007ff9c44242a2:   20 48 8b fa 48 8b f1 8b 43 08 4c 8b 5b 20 85 c0
0x00007ff9c44242b2:   74 49 45 33 c0 44 8b d0 66 0f 1f 44 00 00 4c 8b
0x00007ff9c44242c2:   4b 18 4b 8b 04 01 48 85 c0 74 26 49 3b c3 74 21
0x00007ff9c44242d2:   8b 48 28 8b c1 c1 e8 05 3b 07 73 11 8b d0 83 e1
0x00007ff9c44242e2:   1f 48 8b 47 08 8b 04 90 0f a3 c8 72 04 4f 89 1c
0x00007ff9c44242f2:   01 49 83 c0 08 49 83 ea 01 75 c3 48 8d 4e 30 33
0x00007ff9c4424302:   d2 41 b8 48 04 00 00 e8 f4 3c 20 00 48 8d 8e 78
0x00007ff9c4424312:   04 00 00 33 d2 41 b8 48 04 00 00 e8 e0 3c 20 00
0x00007ff9c4424322:   48 8d 8e c0 08 00 00 33 d2 41 b8 a0 00 00 00 48
0x00007ff9c4424332:   8b 5c 24 30 48 8b 74 24 38 48 83 c4 20 5f e9 bd
0x00007ff9c4424342:   3c 20 00 cc cc cc cc cc cc cc cc cc cc cc 40 53
0x00007ff9c4424352:   41 55 41 57 48 83 ec 40 4c 8b e9 48 8b da 48 8b
0x00007ff9c4424362:   49 10 48 89 4c 24 70 45 8b 7d 20 49 ff cf 4e 8d
0x00007ff9c4424372:   3c f9 4c 89 7c 24 60 4c 3b f9 0f 82 de 01 00 00
0x00007ff9c4424382:   8b 15 a0 c7 57 00 65 48 8b 04 25 58 00 00 00 48
0x00007ff9c4424392:   89 6c 24 68 48 89 74 24 38 48 89 7c 24 30 4c 89
0x00007ff9c44243a2:   64 24 28 4c 8d 24 d0 4c 89 74 24 20 66 90 49 8b
0x00007ff9c44243b2:   3f 33 ed 33 f6 44 8b 47 1c 45 85 c0 0f 84 6c 01
0x00007ff9c44243c2:   00 00 41 bf 70 00 00 00 66 0f 1f 44 00 00 4c 8b 


Stack slot to memory mapping:

stack at sp + 0 slots: 0x0 is null
stack at sp + 1 slots: 0x000000871dffe7c0 is pointing into the stack for thread: 0x000001c4fdf166f0
stack at sp + 2 slots: 0x0 is null
stack at sp + 3 slots: 0x000000871dffe7c0 is pointing into the stack for thread: 0x000001c4fdf166f0
stack at sp + 4 slots: 0x000000871dffe640 is pointing into the stack for thread: 0x000001c4fdf166f0
stack at sp + 5 slots: 0x00007ff9c44216d5 jvm.dll
stack at sp + 6 slots: 0x000000871dffc5a0 is pointing into the stack for thread: 0x000001c4fdf166f0
stack at sp + 7 slots: 0x00007ff9c462b010 jvm.dll


---------------  P R O C E S S  ---------------

Threads class SMR info:
_java_thread_list=0x000001c4fec86d20, length=13, elements={
0x000001c4de2f34f0, 0x000001c4fcc42d30, 0x000001c4fcc43790, 0x000001c4fcc49910,
0x000001c4fcc4a5f0, 0x000001c4fcc4b9c0, 0x000001c4fcc50640, 0x000001c4fcdb5b20,
0x000001c4fcdb61d0, 0x000001c4fcc52da0, 0x000001c4fcc52710, 0x000001c4fcc51360,
0x000001c4fdf166f0
}

Java Threads: ( => current thread )
  0x000001c4de2f34f0 JavaThread "main"                              [_thread_in_native, id=19264, stack(0x000000871c900000,0x000000871ca00000) (1024K)]
  0x000001c4fcc42d30 JavaThread "Reference Handler"          daemon [_thread_blocked, id=18764, stack(0x000000871d100000,0x000000871d200000) (1024K)]
  0x000001c4fcc43790 JavaThread "Finalizer"                  daemon [_thread_blocked, id=19100, stack(0x000000871d200000,0x000000871d300000) (1024K)]
  0x000001c4fcc49910 JavaThread "Signal Dispatcher"          daemon [_thread_blocked, id=19116, stack(0x000000871d300000,0x000000871d400000) (1024K)]
  0x000001c4fcc4a5f0 JavaThread "Attach Listener"            daemon [_thread_blocked, id=17884, stack(0x000000871d400000,0x000000871d500000) (1024K)]
  0x000001c4fcc4b9c0 JavaThread "Service Thread"             daemon [_thread_blocked, id=18000, stack(0x000000871d500000,0x000000871d600000) (1024K)]
  0x000001c4fcc50640 JavaThread "Monitor Deflation Thread"   daemon [_thread_blocked, id=1012, stack(0x000000871d600000,0x000000871d700000) (1024K)]
  0x000001c4fcdb5b20 JavaThread "C2 CompilerThread0"         daemon [_thread_in_native, id=17636, stack(0x000000871d700000,0x000000871d800000) (1024K)]
  0x000001c4fcdb61d0 JavaThread "C1 CompilerThread0"         daemon [_thread_blocked, id=2112, stack(0x000000871d800000,0x000000871d900000) (1024K)]
  0x000001c4fcc52da0 JavaThread "Notification Thread"        daemon [_thread_blocked, id=12728, stack(0x000000871d900000,0x000000871da00000) (1024K)]
  0x000001c4fcc52710 JavaThread "Common-Cleaner"             daemon [_thread_blocked, id=7552, stack(0x000000871da00000,0x000000871db00000) (1024K)]
  0x000001c4fcc51360 JavaThread "Thread-1"                   daemon [_thread_blocked, id=12024, stack(0x000000871db00000,0x000000871dc00000) (1024K)]
=>0x000001c4fdf166f0 JavaThread "C2 CompilerThread1"         daemon [_thread_in_native, id=16068, stack(0x000000871df00000,0x000000871e000000) (1024K)]
Total: 13

Other Threads:
  0x000001c4fcc25980 VMThread "VM Thread"                           [id=4188, stack(0x000000871d000000,0x000000871d100000) (1024K)]
  0x000001c4fcc150a0 WatcherThread "VM Periodic Task Thread"        [id=11512, stack(0x000000871cf00000,0x000000871d000000) (1024K)]
  0x000001c4de351010 WorkerThread "GC Thread#0"                     [id=9296, stack(0x000000871ca00000,0x000000871cb00000) (1024K)]
  0x000001c4fd9c8060 WorkerThread "GC Thread#1"                     [id=2372, stack(0x000000871dc00000,0x000000871dd00000) (1024K)]
  0x000001c4fd9c8410 WorkerThread "GC Thread#2"                     [id=7680, stack(0x000000871dd00000,0x000000871de00000) (1024K)]
  0x000001c4fd94b690 WorkerThread "GC Thread#3"                     [id=2260, stack(0x000000871de00000,0x000000871df00000) (1024K)]
  0x000001c4de362f30 ConcurrentGCThread "G1 Main Marker"            [id=14564, stack(0x000000871cb00000,0x000000871cc00000) (1024K)]
  0x000001c4de3641e0 WorkerThread "G1 Conc#0"                       [id=10204, stack(0x000000871cc00000,0x000000871cd00000) (1024K)]
  0x000001c4de38e9f0 ConcurrentGCThread "G1 Refine#0"               [id=11028, stack(0x000000871cd00000,0x000000871ce00000) (1024K)]
  0x000001c4fcac6760 ConcurrentGCThread "G1 Service"                [id=8968, stack(0x000000871ce00000,0x000000871cf00000) (1024K)]
Total: 10

Threads with active compile tasks:
C2 CompilerThread0    11529 7675       4       lombok.core.AST::buildWithField (21 bytes)
C2 CompilerThread1    11529 7725   !   4       lombok.javac.JavacAST::drill (146 bytes)
Total: 2

VM state: not at safepoint (normal execution)

VM Mutex/Monitor currently owned by a thread: None

Heap address: 0x0000000701600000, size: 4074 MB, Compressed Oops mode: Zero based, Oop shift amount: 3

CDS archive(s) mapped at: [0x000001c480000000-0x000001c480c90000-0x000001c480c90000), size 13172736, SharedBaseAddress: 0x000001c480000000, ArchiveRelocationMode: 1.
Compressed class space mapped at: 0x000001c481000000-0x000001c4c1000000, reserved size: 1073741824
Narrow klass base: 0x000001c480000000, Narrow klass shift: 0, Narrow klass range: 0x100000000

GC Precious Log:
 CardTable entry size: 512
 Card Set container configuration: InlinePtr #cards 4 size 8 Array Of Cards #cards 16 size 48 Howl #buckets 8 coarsen threshold 3686 Howl Bitmap #cards 512 size 80 coarsen threshold 460 Card regions per heap region 1 cards per card region 4096
 CPUs: 4 total, 4 available
 Memory: 16295M
 Large Page Support: Disabled
 NUMA Support: Disabled
 Compressed Oops: Enabled (Zero based)
 Heap Region Size: 2M
 Heap Min Capacity: 8M
 Heap Initial Capacity: 256M
 Heap Max Capacity: 4074M
 Pre-touch: Disabled
 Parallel Workers: 4
 Concurrent Workers: 1
 Concurrent Refinement Workers: 4
 Periodic GC: Disabled

Heap:
 garbage-first heap   total 122880K, used 98811K [0x0000000701600000, 0x0000000800000000)
  region size 2048K, 22 young (45056K), 2 survivors (4096K)
 Metaspace       used 30371K, committed 30848K, reserved 1114112K
  class space    used 3343K, committed 3584K, reserved 1048576K

Heap Regions: E=young(eden), S=young(survivor), O=old, HS=humongous(starts), HC=humongous(continues), CS=collection set, F=free, TAMS=top-at-mark-start, PB=parsable bottom
|   0|0x0000000701600000, 0x0000000701800000, 0x0000000701800000|100%| O|  |TAMS 0x0000000701600000| PB 0x0000000701600000| Untracked 
|   1|0x0000000701800000, 0x0000000701a00000, 0x0000000701a00000|100%| O|  |TAMS 0x0000000701800000| PB 0x0000000701800000| Untracked 
|   2|0x0000000701a00000, 0x0000000701c00000, 0x0000000701c00000|100%| O|  |TAMS 0x0000000701a00000| PB 0x0000000701a00000| Untracked 
|   3|0x0000000701c00000, 0x0000000701e00000, 0x0000000701e00000|100%| O|  |TAMS 0x0000000701c00000| PB 0x0000000701c00000| Untracked 
|   4|0x0000000701e00000, 0x0000000702000000, 0x0000000702000000|100%| O|  |TAMS 0x0000000701e00000| PB 0x0000000701e00000| Untracked 
|   5|0x0000000702000000, 0x0000000702200000, 0x0000000702200000|100%| O|  |TAMS 0x0000000702000000| PB 0x0000000702000000| Untracked 
|   6|0x0000000702200000, 0x0000000702400000, 0x0000000702400000|100%| O|  |TAMS 0x0000000702200000| PB 0x0000000702200000| Untracked 
|   7|0x0000000702400000, 0x0000000702600000, 0x0000000702600000|100%| O|  |TAMS 0x0000000702400000| PB 0x0000000702400000| Untracked 
|   8|0x0000000702600000, 0x0000000702800000, 0x0000000702800000|100%| O|  |TAMS 0x0000000702600000| PB 0x0000000702600000| Untracked 
|   9|0x0000000702800000, 0x0000000702a00000, 0x0000000702a00000|100%| O|  |TAMS 0x0000000702800000| PB 0x0000000702800000| Untracked 
|  10|0x0000000702a00000, 0x0000000702b00000, 0x0000000702c00000| 50%| O|  |TAMS 0x0000000702a00000| PB 0x0000000702a00000| Untracked 
|  11|0x0000000702c00000, 0x0000000702c00000, 0x0000000702e00000|  0%| F|  |TAMS 0x0000000702c00000| PB 0x0000000702c00000| Untracked 
|  12|0x0000000702e00000, 0x0000000703000000, 0x0000000703000000|100%| O|  |TAMS 0x0000000702e00000| PB 0x0000000702e00000| Untracked 
|  13|0x0000000703000000, 0x0000000703200000, 0x0000000703200000|100%| O|  |TAMS 0x0000000703000000| PB 0x0000000703000000| Untracked 
|  14|0x0000000703200000, 0x0000000703400000, 0x0000000703400000|100%| O|  |TAMS 0x0000000703200000| PB 0x0000000703200000| Untracked 
|  15|0x0000000703400000, 0x0000000703600000, 0x0000000703600000|100%| O|  |TAMS 0x0000000703400000| PB 0x0000000703400000| Untracked 
|  16|0x0000000703600000, 0x0000000703800000, 0x0000000703800000|100%| O|  |TAMS 0x0000000703600000| PB 0x0000000703600000| Untracked 
|  17|0x0000000703800000, 0x0000000703a00000, 0x0000000703a00000|100%| O|  |TAMS 0x0000000703800000| PB 0x0000000703800000| Untracked 
|  18|0x0000000703a00000, 0x0000000703a00000, 0x0000000703c00000|  0%| F|  |TAMS 0x0000000703a00000| PB 0x0000000703a00000| Untracked 
|  19|0x0000000703c00000, 0x0000000703c00000, 0x0000000703e00000|  0%| F|  |TAMS 0x0000000703c00000| PB 0x0000000703c00000| Untracked 
|  20|0x0000000703e00000, 0x0000000704000000, 0x0000000704000000|100%|HS|  |TAMS 0x0000000703e00000| PB 0x0000000703e00000| Complete 
|  21|0x0000000704000000, 0x0000000704200000, 0x0000000704200000|100%|HC|  |TAMS 0x0000000704000000| PB 0x0000000704000000| Complete 
|  22|0x0000000704200000, 0x0000000704400000, 0x0000000704400000|100%| O|  |TAMS 0x0000000704200000| PB 0x0000000704200000| Untracked 
|  23|0x0000000704400000, 0x0000000704600000, 0x0000000704600000|100%| O|  |TAMS 0x0000000704400000| PB 0x0000000704400000| Untracked 
|  24|0x0000000704600000, 0x0000000704800000, 0x0000000704800000|100%| O|  |TAMS 0x0000000704600000| PB 0x0000000704600000| Untracked 
|  25|0x0000000704800000, 0x0000000704a00000, 0x0000000704a00000|100%| O|  |TAMS 0x0000000704800000| PB 0x0000000704800000| Untracked 
|  26|0x0000000704a00000, 0x0000000704c00000, 0x0000000704c00000|100%| O|  |TAMS 0x0000000704a00000| PB 0x0000000704a00000| Untracked 
|  27|0x0000000704c00000, 0x0000000704e00000, 0x0000000704e00000|100%| O|  |TAMS 0x0000000704c00000| PB 0x0000000704c00000| Untracked 
|  28|0x0000000704e00000, 0x0000000704e00000, 0x0000000705000000|  0%| F|  |TAMS 0x0000000704e00000| PB 0x0000000704e00000| Untracked 
|  29|0x0000000705000000, 0x0000000705000000, 0x0000000705200000|  0%| F|  |TAMS 0x0000000705000000| PB 0x0000000705000000| Untracked 
|  30|0x0000000705200000, 0x0000000705200000, 0x0000000705400000|  0%| F|  |TAMS 0x0000000705200000| PB 0x0000000705200000| Untracked 
|  31|0x0000000705400000, 0x0000000705400000, 0x0000000705600000|  0%| F|  |TAMS 0x0000000705400000| PB 0x0000000705400000| Untracked 
|  32|0x0000000705600000, 0x0000000705600000, 0x0000000705800000|  0%| F|  |TAMS 0x0000000705600000| PB 0x0000000705600000| Untracked 
|  33|0x0000000705800000, 0x0000000705800000, 0x0000000705a00000|  0%| F|  |TAMS 0x0000000705800000| PB 0x0000000705800000| Untracked 
|  34|0x0000000705a00000, 0x0000000705b7ee40, 0x0000000705c00000| 74%| S|CS|TAMS 0x0000000705a00000| PB 0x0000000705a00000| Complete 
|  35|0x0000000705c00000, 0x0000000705e00000, 0x0000000705e00000|100%| S|CS|TAMS 0x0000000705c00000| PB 0x0000000705c00000| Complete 
|  36|0x0000000705e00000, 0x0000000705e00000, 0x0000000706000000|  0%| F|  |TAMS 0x0000000705e00000| PB 0x0000000705e00000| Untracked 
|  37|0x0000000706000000, 0x00000007060e93e8, 0x0000000706200000| 45%| E|  |TAMS 0x0000000706000000| PB 0x0000000706000000| Complete 
|  38|0x0000000706200000, 0x0000000706400000, 0x0000000706400000|100%| E|CS|TAMS 0x0000000706200000| PB 0x0000000706200000| Complete 
|  39|0x0000000706400000, 0x0000000706600000, 0x0000000706600000|100%| E|CS|TAMS 0x0000000706400000| PB 0x0000000706400000| Complete 
|  40|0x0000000706600000, 0x0000000706800000, 0x0000000706800000|100%| E|CS|TAMS 0x0000000706600000| PB 0x0000000706600000| Complete 
|  41|0x0000000706800000, 0x0000000706a00000, 0x0000000706a00000|100%| E|CS|TAMS 0x0000000706800000| PB 0x0000000706800000| Complete 
|  42|0x0000000706a00000, 0x0000000706c00000, 0x0000000706c00000|100%| E|CS|TAMS 0x0000000706a00000| PB 0x0000000706a00000| Complete 
|  43|0x0000000706c00000, 0x0000000706e00000, 0x0000000706e00000|100%| E|CS|TAMS 0x0000000706c00000| PB 0x0000000706c00000| Complete 
|  44|0x0000000706e00000, 0x0000000707000000, 0x0000000707000000|100%| E|CS|TAMS 0x0000000706e00000| PB 0x0000000706e00000| Complete 
|  45|0x0000000707000000, 0x0000000707200000, 0x0000000707200000|100%| E|CS|TAMS 0x0000000707000000| PB 0x0000000707000000| Complete 
|  46|0x0000000707200000, 0x0000000707400000, 0x0000000707400000|100%| E|CS|TAMS 0x0000000707200000| PB 0x0000000707200000| Complete 
|  47|0x0000000707400000, 0x0000000707600000, 0x0000000707600000|100%| E|CS|TAMS 0x0000000707400000| PB 0x0000000707400000| Complete 
|  48|0x0000000707600000, 0x0000000707800000, 0x0000000707800000|100%| E|CS|TAMS 0x0000000707600000| PB 0x0000000707600000| Complete 
|  49|0x0000000707800000, 0x0000000707a00000, 0x0000000707a00000|100%| E|CS|TAMS 0x0000000707800000| PB 0x0000000707800000| Complete 
|  50|0x0000000707a00000, 0x0000000707c00000, 0x0000000707c00000|100%| E|CS|TAMS 0x0000000707a00000| PB 0x0000000707a00000| Complete 
|  51|0x0000000707c00000, 0x0000000707e00000, 0x0000000707e00000|100%| E|CS|TAMS 0x0000000707c00000| PB 0x0000000707c00000| Complete 
|  52|0x0000000707e00000, 0x0000000708000000, 0x0000000708000000|100%| E|CS|TAMS 0x0000000707e00000| PB 0x0000000707e00000| Complete 
| 100|0x000000070de00000, 0x000000070e000000, 0x000000070e000000|100%| E|CS|TAMS 0x000000070de00000| PB 0x000000070de00000| Complete 
| 101|0x000000070e000000, 0x000000070e200000, 0x000000070e200000|100%| E|CS|TAMS 0x000000070e000000| PB 0x000000070e000000| Complete 
| 102|0x000000070e200000, 0x000000070e400000, 0x000000070e400000|100%| E|CS|TAMS 0x000000070e200000| PB 0x000000070e200000| Complete 
| 103|0x000000070e400000, 0x000000070e600000, 0x000000070e600000|100%| E|CS|TAMS 0x000000070e400000| PB 0x000000070e400000| Complete 
|2034|0x00000007ffa00000, 0x00000007ffc00000, 0x00000007ffc00000|100%| O|  |TAMS 0x00000007ffa00000| PB 0x00000007ffa00000| Untracked 
|2035|0x00000007ffc00000, 0x00000007ffe00000, 0x00000007ffe00000|100%| O|  |TAMS 0x00000007ffc00000| PB 0x00000007ffc00000| Untracked 
|2036|0x00000007ffe00000, 0x0000000800000000, 0x0000000800000000|100%| O|  |TAMS 0x00000007ffe00000| PB 0x00000007ffe00000| Untracked 

Card table byte_map: [0x000001c4f5f70000,0x000001c4f6770000] _byte_map_base: 0x000001c4f2765000

Marking Bits: (CMBitMap*) 0x000001c4de351720
 Bits: [0x000001c4f6770000, 0x000001c4fa718000)

Polling page: 0x000001c4dc1b0000

Metaspace:

Usage:
  Non-class:     26.39 MB used.
      Class:      3.27 MB used.
       Both:     29.66 MB used.

Virtual space:
  Non-class space:       64.00 MB reserved,      26.62 MB ( 42%) committed,  1 nodes.
      Class space:        1.00 GB reserved,       3.50 MB ( <1%) committed,  1 nodes.
             Both:        1.06 GB reserved,      30.12 MB (  3%) committed. 

Chunk freelists:
   Non-Class:  5.31 MB
       Class:  12.48 MB
        Both:  17.79 MB

MaxMetaspaceSize: unlimited
CompressedClassSpaceSize: 1.00 GB
Initial GC threshold: 21.00 MB
Current GC threshold: 35.12 MB
CDS: on
 - commit_granule_bytes: 65536.
 - commit_granule_words: 8192.
 - virtual_space_node_default_size: 8388608.
 - enlarge_chunks_in_place: 1.
 - use_allocation_guard: 0.


Internal statistics:

num_allocs_failed_limit: 3.
num_arena_births: 454.
num_arena_deaths: 0.
num_vsnodes_births: 2.
num_vsnodes_deaths: 0.
num_space_committed: 482.
num_space_uncommitted: 0.
num_chunks_returned_to_freelist: 3.
num_chunks_taken_from_freelist: 1596.
num_chunk_merges: 3.
num_chunk_splits: 1109.
num_chunks_enlarged: 817.
num_inconsistent_stats: 0.

CodeHeap 'non-profiled nmethods': size=120000Kb used=4406Kb max_used=4406Kb free=115594Kb
 bounds [0x000001c4ee240000, 0x000001c4ee690000, 0x000001c4f5770000]
CodeHeap 'profiled nmethods': size=120000Kb used=18267Kb max_used=18267Kb free=101732Kb
 bounds [0x000001c4e6770000, 0x000001c4e7950000, 0x000001c4edca0000]
CodeHeap 'non-nmethods': size=5760Kb used=1463Kb max_used=1523Kb free=4296Kb
 bounds [0x000001c4edca0000, 0x000001c4edf10000, 0x000001c4ee240000]
 total_blobs=8630 nmethods=8085 adapters=449
 compilation: enabled
              stopped_count=0, restarted_count=0
 full_count=0

Compilation events (20 events):
Event: 11.420 Thread 0x000001c4fcdb61d0 nmethod 8055 0x000001c4e7916a90 code [0x000001c4e7916cc0, 0x000001c4e79176e8]
Event: 11.420 Thread 0x000001c4fcdb61d0 8052       2       com.sun.tools.javac.code.Types::union (134 bytes)
Event: 11.421 Thread 0x000001c4fcdb61d0 nmethod 8052 0x000001c4e7917a10 code [0x000001c4e7917c80, 0x000001c4e79185f8]
Event: 11.421 Thread 0x000001c4fcdb61d0 8056       2       java.lang.invoke.LambdaForm$MH/0x000001c481382c00::invoke (84 bytes)
Event: 11.422 Thread 0x000001c4fcdb61d0 nmethod 8056 0x000001c4e7918910 code [0x000001c4e7918b20, 0x000001c4e7918f98]
Event: 11.422 Thread 0x000001c4fcdb61d0 8054       2       com.sun.tools.javac.code.Types::containsTypeEquivalent (68 bytes)
Event: 11.422 Thread 0x000001c4fcdb61d0 nmethod 8054 0x000001c4e7919290 code [0x000001c4e79194a0, 0x000001c4e79199f0]
Event: 11.423 Thread 0x000001c4fcdb61d0 8057       2       com.sun.tools.javac.code.TypeMetadata$ConstantValue::<init> (10 bytes)
Event: 11.423 Thread 0x000001c4fcdb61d0 nmethod 8057 0x000001c4e7919d90 code [0x000001c4e7919f20, 0x000001c4e791a078]
Event: 11.423 Thread 0x000001c4fcdb61d0 8059       2       com.sun.tools.javac.tree.TreeInfo$DeclScanner::visitMethodDef (18 bytes)
Event: 11.424 Thread 0x000001c4fcdb61d0 nmethod 8059 0x000001c4e791a110 code [0x000001c4e791a2c0, 0x000001c4e791a438]
Event: 11.425 Thread 0x000001c4fcdb61d0 8060       1       com.sun.tools.javac.util.AbstractLog::currentSource (5 bytes)
Event: 11.425 Thread 0x000001c4fcdb61d0 nmethod 8060 0x000001c4ee68c610 code [0x000001c4ee68c7a0, 0x000001c4ee68c870]
Event: 11.426 Thread 0x000001c4fcdb61d0 8061       2       lombok.javac.handlers.JavacHandlerUtil::getGeneratedBy (11 bytes)
Event: 11.427 Thread 0x000001c4fcdb61d0 nmethod 8061 0x000001c4e791a510 code [0x000001c4e791a6e0, 0x000001c4e791aa20]
Event: 11.427 Thread 0x000001c4fcdb61d0 8062   !   2       lombok.core.FieldAugment$MapFieldAugment::clear (38 bytes)
Event: 11.427 Thread 0x000001c4fcdb61d0 nmethod 8062 0x000001c4e791ac10 code [0x000001c4e791ade0, 0x000001c4e791b138]
Event: 11.428 Thread 0x000001c4fcdb61d0 8063       3       com.sun.tools.javac.code.Types$5::visitClassType (10 bytes)
Event: 11.428 Thread 0x000001c4fcdb61d0 nmethod 8063 0x000001c4e791b310 code [0x000001c4e791b4c0, 0x000001c4e791b6f8]
Event: 11.428 Thread 0x000001c4fcdb61d0 8065   !   3       lombok.javac.JavacTreeMaker::invokeAny (83 bytes)

GC Heap History (16 events):
Event: 0.536 GC heap before
{Heap before GC invocations=0 (full 0):
 garbage-first heap   total 262144K, used 12288K [0x0000000701600000, 0x0000000800000000)
  region size 2048K, 6 young (12288K), 0 survivors (0K)
 Metaspace       used 3029K, committed 3200K, reserved 1114112K
  class space    used 305K, committed 384K, reserved 1048576K
}
Event: 0.540 GC heap after
{Heap after GC invocations=1 (full 0):
 garbage-first heap   total 262144K, used 3150K [0x0000000701600000, 0x0000000800000000)
  region size 2048K, 1 young (2048K), 1 survivors (2048K)
 Metaspace       used 3029K, committed 3200K, reserved 1114112K
  class space    used 305K, committed 384K, reserved 1048576K
}
Event: 0.833 GC heap before
{Heap before GC invocations=1 (full 0):
 garbage-first heap   total 262144K, used 13390K [0x0000000701600000, 0x0000000800000000)
  region size 2048K, 7 young (14336K), 1 survivors (2048K)
 Metaspace       used 5688K, committed 5888K, reserved 1114112K
  class space    used 663K, committed 768K, reserved 1048576K
}
Event: 0.838 GC heap after
{Heap after GC invocations=2 (full 0):
 garbage-first heap   total 262144K, used 3843K [0x0000000701600000, 0x0000000800000000)
  region size 2048K, 1 young (2048K), 1 survivors (2048K)
 Metaspace       used 5688K, committed 5888K, reserved 1114112K
  class space    used 663K, committed 768K, reserved 1048576K
}
Event: 2.236 GC heap before
{Heap before GC invocations=2 (full 0):
 garbage-first heap   total 262144K, used 38659K [0x0000000701600000, 0x0000000800000000)
  region size 2048K, 19 young (38912K), 1 survivors (2048K)
 Metaspace       used 10228K, committed 10368K, reserved 1114112K
  class space    used 1218K, committed 1280K, reserved 1048576K
}
Event: 2.239 GC heap after
{Heap after GC invocations=3 (full 0):
 garbage-first heap   total 262144K, used 5581K [0x0000000701600000, 0x0000000800000000)
  region size 2048K, 2 young (4096K), 2 survivors (4096K)
 Metaspace       used 10228K, committed 10368K, reserved 1114112K
  class space    used 1218K, committed 1280K, reserved 1048576K
}
Event: 6.238 GC heap before
{Heap before GC invocations=3 (full 0):
 garbage-first heap   total 262144K, used 155085K [0x0000000701600000, 0x0000000800000000)
  region size 2048K, 76 young (155648K), 2 survivors (4096K)
 Metaspace       used 16864K, committed 17088K, reserved 1114112K
  class space    used 1882K, committed 1984K, reserved 1048576K
}
Event: 6.259 GC heap after
{Heap after GC invocations=4 (full 0):
 garbage-first heap   total 262144K, used 16584K [0x0000000701600000, 0x0000000800000000)
  region size 2048K, 7 young (14336K), 7 survivors (14336K)
 Metaspace       used 16864K, committed 17088K, reserved 1114112K
  class space    used 1882K, committed 1984K, reserved 1048576K
}
Event: 7.706 GC heap before
{Heap before GC invocations=4 (full 0):
 garbage-first heap   total 262144K, used 104648K [0x0000000701600000, 0x0000000800000000)
  region size 2048K, 31 young (63488K), 7 survivors (14336K)
 Metaspace       used 21151K, committed 21504K, reserved 1114112K
  class space    used 2380K, committed 2560K, reserved 1048576K
}
Event: 7.729 GC heap after
{Heap after GC invocations=5 (full 0):
 garbage-first heap   total 262144K, used 31498K [0x0000000701600000, 0x0000000800000000)
  region size 2048K, 4 young (8192K), 4 survivors (8192K)
 Metaspace       used 21151K, committed 21504K, reserved 1114112K
  class space    used 2380K, committed 2560K, reserved 1048576K
}
Event: 9.154 GC heap before
{Heap before GC invocations=6 (full 0):
 garbage-first heap   total 116736K, used 92938K [0x0000000701600000, 0x0000000800000000)
  region size 2048K, 34 young (69632K), 4 survivors (8192K)
 Metaspace       used 26518K, committed 26880K, reserved 1114112K
  class space    used 2964K, committed 3136K, reserved 1048576K
}
Event: 9.184 GC heap after
{Heap after GC invocations=7 (full 0):
 garbage-first heap   total 122880K, used 47376K [0x0000000701600000, 0x0000000800000000)
  region size 2048K, 5 young (10240K), 5 survivors (10240K)
 Metaspace       used 26518K, committed 26880K, reserved 1114112K
  class space    used 2964K, committed 3136K, reserved 1048576K
}
Event: 10.093 GC heap before
{Heap before GC invocations=7 (full 0):
 garbage-first heap   total 122880K, used 94480K [0x0000000701600000, 0x0000000800000000)
  region size 2048K, 28 young (57344K), 5 survivors (10240K)
 Metaspace       used 27405K, committed 27776K, reserved 1114112K
  class space    used 3033K, committed 3200K, reserved 1048576K
}
Event: 10.120 GC heap after
{Heap after GC invocations=8 (full 0):
 garbage-first heap   total 122880K, used 56320K [0x0000000701600000, 0x0000000800000000)
  region size 2048K, 4 young (8192K), 4 survivors (8192K)
 Metaspace       used 27405K, committed 27776K, reserved 1114112K
  class space    used 3033K, committed 3200K, reserved 1048576K
}
Event: 11.037 GC heap before
{Heap before GC invocations=8 (full 0):
 garbage-first heap   total 122880K, used 97280K [0x0000000701600000, 0x0000000800000000)
  region size 2048K, 25 young (51200K), 4 survivors (8192K)
 Metaspace       used 29604K, committed 30016K, reserved 1114112K
  class space    used 3254K, committed 3456K, reserved 1048576K
}
Event: 11.053 GC heap after
{Heap after GC invocations=9 (full 0):
 garbage-first heap   total 122880K, used 59899K [0x0000000701600000, 0x0000000800000000)
  region size 2048K, 2 young (4096K), 2 survivors (4096K)
 Metaspace       used 29604K, committed 30016K, reserved 1114112K
  class space    used 3254K, committed 3456K, reserved 1048576K
}

Dll operation events (8 events):
Event: 0.010 Loaded shared library C:\Program Files\Java\jdk-21\bin\java.dll
Event: 0.036 Loaded shared library C:\Program Files\Java\jdk-21\bin\jsvml.dll
Event: 0.057 Loaded shared library C:\Program Files\Java\jdk-21\bin\net.dll
Event: 0.060 Loaded shared library C:\Program Files\Java\jdk-21\bin\nio.dll
Event: 0.064 Loaded shared library C:\Program Files\Java\jdk-21\bin\zip.dll
Event: 0.274 Loaded shared library C:\Users\USER\Downloads\apache-maven-3.9.16-bin\apache-maven-3.9.16\lib\jansi-native\Windows\x86_64\jansi.dll
Event: 0.286 Loaded shared library C:\Program Files\Java\jdk-21\bin\jimage.dll
Event: 0.299 Loaded shared library C:\Program Files\Java\jdk-21\bin\verify.dll

Deoptimization events (20 events):
Event: 11.229 Thread 0x000001c4de2f34f0 Uncommon trap: trap_request=0xffffff45 fr.pc=0x000001c4ee3a1208 relative=0x0000000000000068
Event: 11.229 Thread 0x000001c4de2f34f0 Uncommon trap: reason=unstable_if action=reinterpret pc=0x000001c4ee3a1208 method=java.util.regex.Pattern.has(I)Z @ 6 c2
Event: 11.229 Thread 0x000001c4de2f34f0 DEOPT PACKING pc=0x000001c4ee3a1208 sp=0x000000871c9fb9f0
Event: 11.229 Thread 0x000001c4de2f34f0 DEOPT UNPACKING pc=0x000001c4edcf46a2 sp=0x000000871c9fb980 mode 2
Event: 11.243 Thread 0x000001c4de2f34f0 Uncommon trap: trap_request=0xffffff45 fr.pc=0x000001c4ee514d00 relative=0x0000000000004260
Event: 11.243 Thread 0x000001c4de2f34f0 Uncommon trap: reason=unstable_if action=reinterpret pc=0x000001c4ee514d00 method=java.lang.invoke.MethodType.genericMethodType(IZ)Ljava/lang/invoke/MethodType; @ 38 c2
Event: 11.243 Thread 0x000001c4de2f34f0 DEOPT PACKING pc=0x000001c4ee514d00 sp=0x000000871c9fb620
Event: 11.243 Thread 0x000001c4de2f34f0 DEOPT UNPACKING pc=0x000001c4edcf46a2 sp=0x000000871c9fb5c0 mode 2
Event: 11.257 Thread 0x000001c4de2f34f0 DEOPT PACKING pc=0x000001c4e7804f1e sp=0x000000871c9f7f40
Event: 11.257 Thread 0x000001c4de2f34f0 DEOPT UNPACKING pc=0x000001c4edcf4e42 sp=0x000000871c9f7428 mode 0
Event: 11.276 Thread 0x000001c4de2f34f0 Uncommon trap: trap_request=0xffffff45 fr.pc=0x000001c4ee49649c relative=0x00000000000001dc
Event: 11.277 Thread 0x000001c4de2f34f0 Uncommon trap: reason=unstable_if action=reinterpret pc=0x000001c4ee49649c method=java.util.IdentityHashMap.maskNull(Ljava/lang/Object;)Ljava/lang/Object; @ 1 c2
Event: 11.277 Thread 0x000001c4de2f34f0 DEOPT PACKING pc=0x000001c4ee49649c sp=0x000000871c9fc790
Event: 11.277 Thread 0x000001c4de2f34f0 DEOPT UNPACKING pc=0x000001c4edcf46a2 sp=0x000000871c9fc6b8 mode 2
Event: 11.277 Thread 0x000001c4de2f34f0 Uncommon trap: trap_request=0xffffff45 fr.pc=0x000001c4ee4a2568 relative=0x0000000000000048
Event: 11.277 Thread 0x000001c4de2f34f0 Uncommon trap: reason=unstable_if action=reinterpret pc=0x000001c4ee4a2568 method=java.util.IdentityHashMap.maskNull(Ljava/lang/Object;)Ljava/lang/Object; @ 1 c2
Event: 11.277 Thread 0x000001c4de2f34f0 DEOPT PACKING pc=0x000001c4ee4a2568 sp=0x000000871c9fc720
Event: 11.277 Thread 0x000001c4de2f34f0 DEOPT UNPACKING pc=0x000001c4edcf46a2 sp=0x000000871c9fc6c0 mode 2
Event: 11.383 Thread 0x000001c4de2f34f0 DEOPT PACKING pc=0x000001c4e783767d sp=0x000000871c9fc150
Event: 11.383 Thread 0x000001c4de2f34f0 DEOPT UNPACKING pc=0x000001c4edcf4e42 sp=0x000000871c9fb608 mode 0

Classes loaded (20 events):
Event: 10.942 Loading class java/util/Collections$UnmodifiableSortedSet
Event: 10.942 Loading class java/util/Collections$UnmodifiableSortedSet done
Event: 10.951 Loading class java/util/IdentityHashMap$EntrySet
Event: 10.951 Loading class java/util/IdentityHashMap$EntrySet done
Event: 10.951 Loading class java/util/IdentityHashMap$EntryIterator
Event: 10.951 Loading class java/util/IdentityHashMap$EntryIterator done
Event: 10.951 Loading class java/util/IdentityHashMap$EntryIterator$Entry
Event: 10.951 Loading class java/util/IdentityHashMap$EntryIterator$Entry done
Event: 10.962 Loading class java/util/function/UnaryOperator
Event: 10.962 Loading class java/util/function/UnaryOperator done
Event: 10.974 Loading class java/util/regex/Pattern$Caret
Event: 10.974 Loading class java/util/regex/Pattern$Caret done
Event: 11.229 Loading class java/util/regex/Pattern$SliceI
Event: 11.229 Loading class java/util/regex/Pattern$SliceI done
Event: 11.231 Loading class java/util/regex/Pattern$Loop
Event: 11.231 Loading class java/util/regex/Pattern$Loop done
Event: 11.231 Loading class java/util/regex/Pattern$Prolog
Event: 11.231 Loading class java/util/regex/Pattern$Prolog done
Event: 11.310 Loading class java/util/regex/Pattern$LazyLoop
Event: 11.310 Loading class java/util/regex/Pattern$LazyLoop done

Classes unloaded (0 events):
No events

Classes redefined (0 events):
No events

Internal exceptions (20 events):
Event: 10.241 Thread 0x000001c4de2f34f0 Exception <a 'sun/nio/fs/WindowsException'{0x0000000707f77108}> (0x0000000707f77108) 
thrown [s\open\src\hotspot\share\prims\jni.cpp, line 520]
Event: 10.384 Thread 0x000001c4de2f34f0 Implicit null exception at 0x000001c4ee39b98f to 0x000001c4ee39be80
Event: 11.240 Thread 0x000001c4de2f34f0 Exception <a 'java/lang/NoSuchMethodError'{0x00000007073a1138}: 'java.lang.Object java.lang.invoke.DirectMethodHandle$Holder.invokeVirtual(java.lang.Object, java.lang.Object, long)'> (0x00000007073a1138) 
thrown [s\open\src\hotspot\share\interpreter\linkResolver.cpp, line 773]
Event: 11.241 Thread 0x000001c4de2f34f0 Exception <a 'java/lang/NoSuchMethodError'{0x00000007073a4e40}: 'long java.lang.invoke.DirectMethodHandle$Holder.invokeStatic(java.lang.Object, java.lang.Object, int)'> (0x00000007073a4e40) 
thrown [s\open\src\hotspot\share\interpreter\linkResolver.cpp, line 773]
Event: 11.243 Thread 0x000001c4de2f34f0 Exception <a 'java/lang/NoSuchMethodError'{0x00000007073b6b20}: 'java.lang.Object java.lang.invoke.DirectMethodHandle$Holder.invokeVirtual(java.lang.Object, java.lang.Object, java.lang.Object, java.lang.Object, java.lang.Object, java.lang.Object, java.lang.Object, java.lang.Object)'> (0x00000007073b6b20) 
thrown [s\open\src\hotspot\share\interpreter\linkResolver.cpp, line 773]
Event: 11.245 Thread 0x000001c4de2f34f0 Exception <a 'java/lang/NoSuchMethodError'{0x00000007073d15f8}: 'java.lang.Object java.lang.invoke.DirectMethodHandle$Holder.invokeStatic(java.lang.Object, java.lang.Object, int)'> (0x00000007073d15f8) 
thrown [s\open\src\hotspot\share\interpreter\linkResolver.cpp, line 773]
Event: 11.245 Thread 0x000001c4de2f34f0 Exception <a 'java/lang/NoSuchMethodError'{0x00000007073d5de8}: 'void java.lang.invoke.DirectMethodHandle$Holder.invokeStatic(java.lang.Object, java.lang.Object, int, java.lang.Object)'> (0x00000007073d5de8) 
thrown [s\open\src\hotspot\share\interpreter\linkResolver.cpp, line 773]
Event: 11.246 Thread 0x000001c4de2f34f0 Exception <a 'java/lang/NoSuchMethodError'{0x00000007073dd198}: 'void java.lang.invoke.DelegatingMethodHandle$Holder.delegate(java.lang.Object, java.lang.Object, int, java.lang.Object)'> (0x00000007073dd198) 
thrown [s\open\src\hotspot\share\interpreter\linkResolver.cpp, line 773]
Event: 11.250 Thread 0x000001c4de2f34f0 Exception <a 'java/lang/NoSuchMethodError'{0x00000007073f9118}: 'void java.lang.invoke.DirectMethodHandle$Holder.invokeInterface(java.lang.Object, java.lang.Object, java.lang.Object, int)'> (0x00000007073f9118) 
thrown [s\open\src\hotspot\share\interpreter\linkResolver.cpp, line 773]
Event: 11.251 Thread 0x000001c4de2f34f0 Exception <a 'java/lang/NoSuchMethodError'{0x00000007070008f8}: 'void java.lang.invoke.DelegatingMethodHandle$Holder.reinvoke_L(java.lang.Object, java.lang.Object, java.lang.Object, int)'> (0x00000007070008f8) 
thrown [s\open\src\hotspot\share\interpreter\linkResolver.cpp, line 773]
Event: 11.263 Thread 0x000001c4de2f34f0 Exception <a 'java/lang/NoSuchMethodError'{0x00000007070e7398}: 'java.lang.Object java.lang.invoke.DirectMethodHandle$Holder.invokeVirtual(java.lang.Object, java.lang.Object, java.lang.Object, java.lang.Object)'> (0x00000007070e7398) 
thrown [s\open\src\hotspot\share\interpreter\linkResolver.cpp, line 773]
Event: 11.275 Thread 0x000001c4de2f34f0 Exception <a 'java/lang/NoSuchMethodError'{0x0000000707135430}: 'java.lang.Object java.lang.invoke.DirectMethodHandle$Holder.invokeVirtual(java.lang.Object, java.lang.Object, java.lang.Object, java.lang.Object, java.lang.Object, java.lang.Object)'> (0x0000000707135430) 
thrown [s\open\src\hotspot\share\interpreter\linkResolver.cpp, line 773]
Event: 11.276 Thread 0x000001c4de2f34f0 Implicit null exception at 0x000001c4ee496300 to 0x000001c4ee496488
Event: 11.277 Thread 0x000001c4de2f34f0 Exception <a 'java/lang/NoSuchMethodError'{0x00000007071585e8}: 'void java.lang.invoke.DirectMethodHandle$Holder.invokeVirtual(java.lang.Object, java.lang.Object, java.lang.Object, java.lang.Object)'> (0x00000007071585e8) 
thrown [s\open\src\hotspot\share\interpreter\linkResolver.cpp, line 773]
Event: 11.282 Thread 0x000001c4de2f34f0 Exception <a 'java/lang/NoSuchMethodError'{0x000000070719f988}: 'java.lang.Object java.lang.invoke.DirectMethodHandle$Holder.invokeVirtual(java.lang.Object, java.lang.Object, long, java.lang.Object)'> (0x000000070719f988) 
thrown [s\open\src\hotspot\share\interpreter\linkResolver.cpp, line 773]
Event: 11.282 Thread 0x000001c4de2f34f0 Exception <a 'java/lang/NoSuchMethodError'{0x00000007071a37c8}: 'java.lang.Object java.lang.invoke.DirectMethodHandle$Holder.invokeSpecial(java.lang.Object, java.lang.Object, java.lang.Object, long, java.lang.Object)'> (0x00000007071a37c8) 
thrown [s\open\src\hotspot\share\interpreter\linkResolver.cpp, line 773]
Event: 11.283 Thread 0x000001c4de2f34f0 Exception <a 'java/lang/NoSuchMethodError'{0x00000007071a7748}: 'java.lang.Object java.lang.invoke.DelegatingMethodHandle$Holder.reinvoke_L(java.lang.Object, java.lang.Object, long, java.lang.Object)'> (0x00000007071a7748) 
thrown [s\open\src\hotspot\share\interpreter\linkResolver.cpp, line 773]
Event: 11.283 Thread 0x000001c4de2f34f0 Exception <a 'java/lang/NoSuchMethodError'{0x00000007071bbec8}: 'java.lang.Object java.lang.invoke.DirectMethodHandle$Holder.invokeVirtual(java.lang.Object, java.lang.Object, java.lang.Object, java.lang.Object, java.lang.Object, java.lang.Object, java.lang.Object, java.lang.Object, java.lang.Object, java.lang.Object)'> (0x00000007071bbec8) 
thrown [s\open\src\hotspot\share\interpreter\linkResolver.cpp, line 773]
Event: 11.324 Thread 0x000001c4de2f34f0 Exception <a 'java/lang/NoSuchMethodError'{0x0000000706fa9f28}: 'java.lang.Object java.lang.invoke.DirectMethodHandle$Holder.invokeVirtual(java.lang.Object, java.lang.Object, java.lang.Object, java.lang.Object, java.lang.Object, java.lang.Object, java.lang.Object)'> (0x0000000706fa9f28) 
thrown [s\open\src\hotspot\share\interpreter\linkResolver.cpp, line 773]
Event: 11.332 Thread 0x000001c4de2f34f0 Exception <a 'java/lang/NoSuchMethodError'{0x0000000706ffe380}: 'java.lang.Object java.lang.invoke.DirectMethodHandle$Holder.invokeVirtual(java.lang.Object, java.lang.Object, java.lang.Object, java.lang.Object, java.lang.Object)'> (0x0000000706ffe380) 
thrown [s\open\src\hotspot\share\interpreter\linkResolver.cpp, line 773]

ZGC Phase Switch (0 events):
No events

VM Operations (20 events):
Event: 9.324 Executing VM operation: HandshakeAllThreads (Deoptimize)
Event: 9.324 Executing VM operation: HandshakeAllThreads (Deoptimize) done
Event: 9.586 Executing VM operation: ICBufferFull
Event: 9.586 Executing VM operation: ICBufferFull done
Event: 9.775 Executing VM operation: ICBufferFull
Event: 9.775 Executing VM operation: ICBufferFull done
Event: 10.078 Executing VM operation: ICBufferFull
Event: 10.078 Executing VM operation: ICBufferFull done
Event: 10.093 Executing VM operation: G1CollectForAllocation (G1 Evacuation Pause)
Event: 10.120 Executing VM operation: G1CollectForAllocation (G1 Evacuation Pause) done
Event: 10.282 Executing VM operation: HandshakeAllThreads (Deoptimize)
Event: 10.282 Executing VM operation: HandshakeAllThreads (Deoptimize) done
Event: 10.290 Executing VM operation: ICBufferFull
Event: 10.290 Executing VM operation: ICBufferFull done
Event: 11.037 Executing VM operation: G1CollectForAllocation (G1 Evacuation Pause)
Event: 11.053 Executing VM operation: G1CollectForAllocation (G1 Evacuation Pause) done
Event: 11.316 Executing VM operation: HandshakeAllThreads (Deoptimize)
Event: 11.316 Executing VM operation: HandshakeAllThreads (Deoptimize) done
Event: 11.400 Executing VM operation: ICBufferFull
Event: 11.400 Executing VM operation: ICBufferFull done

Events (20 events):
Event: 0.033 Thread 0x000001c4fcc42d30 Thread added: 0x000001c4fcc42d30
Event: 0.034 Thread 0x000001c4fcc43790 Thread added: 0x000001c4fcc43790
Event: 0.034 Thread 0x000001c4fcc49910 Thread added: 0x000001c4fcc49910
Event: 0.034 Thread 0x000001c4fcc4a5f0 Thread added: 0x000001c4fcc4a5f0
Event: 0.034 Thread 0x000001c4fcc4b9c0 Thread added: 0x000001c4fcc4b9c0
Event: 0.034 Thread 0x000001c4fcc50640 Thread added: 0x000001c4fcc50640
Event: 0.034 Thread 0x000001c4fcdb5b20 Thread added: 0x000001c4fcdb5b20
Event: 0.034 Thread 0x000001c4fcdb61d0 Thread added: 0x000001c4fcdb61d0
Event: 0.052 Thread 0x000001c4fcc52da0 Thread added: 0x000001c4fcc52da0
Event: 0.055 Thread 0x000001c4fcc52710 Thread added: 0x000001c4fcc52710
Event: 0.237 Thread 0x000001c4fcf5cb50 Thread added: 0x000001c4fcf5cb50
Event: 0.270 Thread 0x000001c4fcc51360 Thread added: 0x000001c4fcc51360
Event: 0.309 Thread 0x000001c4fcc51360 Thread exited: 0x000001c4fcc51360
Event: 0.696 Thread 0x000001c4fcf5cb50 Thread exited: 0x000001c4fcf5cb50
Event: 0.800 Thread 0x000001c4fd97fa60 Thread added: 0x000001c4fd97fa60
Event: 1.984 Thread 0x000001c4fd97fa60 Thread exited: 0x000001c4fd97fa60
Event: 3.191 Thread 0x000001c4fcc51360 Thread added: 0x000001c4fcc51360
Event: 3.385 Thread 0x000001c4fde3e8c0 Thread added: 0x000001c4fde3e8c0
Event: 6.973 Thread 0x000001c4fde3e8c0 Thread exited: 0x000001c4fde3e8c0
Event: 7.470 Thread 0x000001c4fdf166f0 Thread added: 0x000001c4fdf166f0


Dynamic libraries:
0x00007ff6e9a70000 - 0x00007ff6e9a80000 	C:\Program Files\Java\jdk-21\bin\java.exe
0x00007ffa0e080000 - 0x00007ffa0e2e6000 	C:\WINDOWS\SYSTEM32\ntdll.dll
0x00007ffa0c7a0000 - 0x00007ffa0c869000 	C:\WINDOWS\System32\KERNEL32.DLL
0x00007ffa0b2a0000 - 0x00007ffa0b69e000 	C:\WINDOWS\System32\KERNELBASE.dll
0x00007ffa0b6b0000 - 0x00007ffa0b7fc000 	C:\WINDOWS\System32\ucrtbase.dll
0x00007ffa04ea0000 - 0x00007ffa04eb9000 	C:\Program Files\Java\jdk-21\bin\jli.dll
0x00007ffa04d50000 - 0x00007ffa04d6b000 	C:\Program Files\Java\jdk-21\bin\VCRUNTIME140.dll
0x00007ffa0d980000 - 0x00007ffa0da37000 	C:\WINDOWS\System32\ADVAPI32.dll
0x00007ffa0c550000 - 0x00007ffa0c5f9000 	C:\WINDOWS\System32\msvcrt.dll
0x00007ffa0d840000 - 0x00007ffa0d8ea000 	C:\WINDOWS\System32\sechost.dll
0x00007ffa0dbb0000 - 0x00007ffa0dcc8000 	C:\WINDOWS\System32\RPCRT4.dll
0x00007ffa0d590000 - 0x00007ffa0d757000 	C:\WINDOWS\System32\USER32.dll
0x00007ffa0bd80000 - 0x00007ffa0bda7000 	C:\WINDOWS\System32\win32u.dll
0x00007ffa0d810000 - 0x00007ffa0d83b000 	C:\WINDOWS\System32\GDI32.dll
0x00007ff9f7cc0000 - 0x00007ff9f7f52000 	C:\WINDOWS\WinSxS\amd64_microsoft.windows.common-controls_6595b64144ccf1df_6.0.26100.8875_none_3e0d5d42e32fe9dd\COMCTL32.dll
0x00007ffa0bbc0000 - 0x00007ffa0bcea000 	C:\WINDOWS\System32\gdi32full.dll
0x00007ffa0b810000 - 0x00007ffa0b8b3000 	C:\WINDOWS\System32\msvcp_win.dll
0x00007ffa0ab50000 - 0x00007ffa0ab5b000 	C:\WINDOWS\SYSTEM32\VERSION.dll
0x00007ffa0c620000 - 0x00007ffa0c652000 	C:\WINDOWS\System32\IMM32.DLL
0x000000005a5f0000 - 0x000000005a5fc000 	C:\Program Files (x86)\360\Total Security\safemon\SafeWrapper.dll
0x00007ff9c9c00000 - 0x00007ff9c9cac000 	C:\Program Files (x86)\360\Total Security\safemon\libzdtp64.dll
0x00007ffa0bdb0000 - 0x00007ffa0c542000 	C:\WINDOWS\System32\SHELL32.dll
0x00007ffa0ca10000 - 0x00007ffa0ca77000 	C:\WINDOWS\System32\SHLWAPI.dll
0x00007ffa04e90000 - 0x00007ffa04e9c000 	C:\Program Files\Java\jdk-21\bin\vcruntime140_1.dll
0x00007ffa03640000 - 0x00007ffa036ce000 	C:\Program Files\Java\jdk-21\bin\msvcp140.dll
0x00007ff9c3d30000 - 0x00007ff9c4a4d000 	C:\Program Files\Java\jdk-21\bin\server\jvm.dll
0x00007ffa0dcd0000 - 0x00007ffa0dd50000 	C:\WINDOWS\System32\WS2_32.dll
0x00007ffa0b120000 - 0x00007ffa0b17e000 	C:\WINDOWS\SYSTEM32\POWRPROF.dll
0x00007ff9f7c80000 - 0x00007ff9f7cb6000 	C:\WINDOWS\SYSTEM32\WINMM.dll
0x00007ffa0b100000 - 0x00007ffa0b114000 	C:\WINDOWS\SYSTEM32\UMPDC.dll
0x00007ffa09f00000 - 0x00007ffa09f1b000 	C:\WINDOWS\SYSTEM32\kernel.appcore.dll
0x00007ffa04d40000 - 0x00007ffa04d4a000 	C:\Program Files\Java\jdk-21\bin\jimage.dll
0x00007ffa089c0000 - 0x00007ffa08c02000 	C:\WINDOWS\SYSTEM32\DBGHELP.DLL
0x00007ffa0d200000 - 0x00007ffa0d583000 	C:\WINDOWS\System32\combase.dll
0x00007ffa0caa0000 - 0x00007ffa0cb79000 	C:\WINDOWS\System32\OLEAUT32.dll
0x00007ff9f7240000 - 0x00007ff9f727b000 	C:\WINDOWS\SYSTEM32\dbgcore.DLL
0x00007ffa0b8c0000 - 0x00007ffa0b96c000 	C:\WINDOWS\System32\bcryptPrimitives.dll
0x00007ffa03620000 - 0x00007ffa0363f000 	C:\Program Files\Java\jdk-21\bin\java.dll
0x00007ffa08d00000 - 0x00007ffa09592000 	C:\WINDOWS\SYSTEM32\windows.storage.dll
0x00007ffa0dd60000 - 0x00007ffa0de57000 	C:\WINDOWS\System32\SHCORE.dll
0x00007ffa0b1c0000 - 0x00007ffa0b1e9000 	C:\WINDOWS\SYSTEM32\profapi.dll
0x00007ff9e69e0000 - 0x00007ff9e6ab7000 	C:\Program Files\Java\jdk-21\bin\jsvml.dll
0x00007ffa03610000 - 0x00007ffa03620000 	C:\Program Files\Java\jdk-21\bin\net.dll
0x00007ffa021e0000 - 0x00007ffa02307000 	C:\WINDOWS\SYSTEM32\WINHTTP.dll
0x00007ffa0a4b0000 - 0x00007ffa0a51c000 	C:\WINDOWS\system32\mswsock.dll
0x00007ffa035f0000 - 0x00007ffa03606000 	C:\Program Files\Java\jdk-21\bin\nio.dll
0x00007ffa035d0000 - 0x00007ffa035e8000 	C:\Program Files\Java\jdk-21\bin\zip.dll
0x00007ffa035a0000 - 0x00007ffa035c4000 	C:\Users\USER\Downloads\apache-maven-3.9.16-bin\apache-maven-3.9.16\lib\jansi-native\Windows\x86_64\jansi.dll
0x00007ffa03590000 - 0x00007ffa035a0000 	C:\Program Files\Java\jdk-21\bin\verify.dll

dbghelp: loaded successfully - version: 4.0.5 - missing functions: none
symbol engine: initialized successfully - sym options: 0x614 - pdb path: .;C:\Program Files\Java\jdk-21\bin;C:\WINDOWS\SYSTEM32;C:\WINDOWS\WinSxS\amd64_microsoft.windows.common-controls_6595b64144ccf1df_6.0.26100.8875_none_3e0d5d42e32fe9dd;C:\Program Files (x86)\360\Total Security\safemon;C:\Program Files\Java\jdk-21\bin\server;C:\Users\USER\Downloads\apache-maven-3.9.16-bin\apache-maven-3.9.16\lib\jansi-native\Windows\x86_64

VM Arguments:
jvm_args: --enable-native-access=ALL-UNNAMED -Dclassworlds.conf=C:\Users\USER\Downloads\apache-maven-3.9.16-bin\apache-maven-3.9.16\bin\m2.conf -Dmaven.home=C:\Users\USER\Downloads\apache-maven-3.9.16-bin\apache-maven-3.9.16 -Dlibrary.jansi.path=C:\Users\USER\Downloads\apache-maven-3.9.16-bin\apache-maven-3.9.16\lib\jansi-native -Dmaven.multiModuleProjectDirectory=C:\Users\USER\Documents\backend-AgroLink\AgroLink 
java_command: org.codehaus.plexus.classworlds.launcher.Launcher spring-boot:run
java_class_path (initial): C:\Users\USER\Downloads\apache-maven-3.9.16-bin\apache-maven-3.9.16\boot\plexus-classworlds-2.11.0.jar
Launcher Type: SUN_STANDARD

[Global flags]
     intx CICompilerCount                          = 3                                         {product} {ergonomic}
     uint ConcGCThreads                            = 1                                         {product} {ergonomic}
     uint G1ConcRefinementThreads                  = 4                                         {product} {ergonomic}
   size_t G1HeapRegionSize                         = 2097152                                   {product} {ergonomic}
    uintx GCDrainStackTargetSize                   = 64                                        {product} {ergonomic}
   size_t InitialHeapSize                          = 268435456                                 {product} {ergonomic}
   size_t MarkStackSize                            = 4194304                                   {product} {ergonomic}
   size_t MaxHeapSize                              = 4271898624                                {product} {ergonomic}
   size_t MaxNewSize                               = 2562719744                                {product} {ergonomic}
   size_t MinHeapDeltaBytes                        = 2097152                                   {product} {ergonomic}
   size_t MinHeapSize                              = 8388608                                   {product} {ergonomic}
    uintx NonNMethodCodeHeapSize                   = 5832780                                {pd product} {ergonomic}
    uintx NonProfiledCodeHeapSize                  = 122912730                              {pd product} {ergonomic}
    uintx ProfiledCodeHeapSize                     = 122912730                              {pd product} {ergonomic}
    uintx ReservedCodeCacheSize                    = 251658240                              {pd product} {ergonomic}
     bool SegmentedCodeCache                       = true                                      {product} {ergonomic}
   size_t SoftMaxHeapSize                          = 4271898624                             {manageable} {ergonomic}
     bool UseCompressedOops                        = true                           {product lp64_product} {ergonomic}
     bool UseG1GC                                  = true                                      {product} {ergonomic}
     bool UseLargePagesIndividualAllocation        = false                                  {pd product} {ergonomic}

Logging:
Log output configuration:
 #0: stdout all=warning uptime,level,tags foldmultilines=false
 #1: stderr all=off uptime,level,tags foldmultilines=false

Environment Variables:
PATH=C:\Program Files\Common Files\Oracle\Java\javapath;C:\WINDOWS\system32;C:\WINDOWS;C:\WINDOWS\System32\Wbem;C:\WINDOWS\System32\WindowsPowerShell\v1.0\;C:\WINDOWS\System32\OpenSSH\;C:\Program Files\nodejs\;C:\Program Files\Git\cmd;C:\Users\USER\Downloads\apache-maven-3.9.16-bin\apache-maven-3.9.16\bin;C:\Users\USER\AppData\Local\Microsoft\WindowsApps;C:\Users\USER\AppData\Local\Programs\Microsoft VS Code\bin;C:\Users\USER\AppData\Roaming\npm;C:\Users\USER\AppData\Local\Programs\Antigravity\bin;C:\Users\USER\AppData\Local\Programs\cursor\resources\app\bin
USERNAME=USER
OS=Windows_NT
PROCESSOR_IDENTIFIER=Intel64 Family 6 Model 142 Stepping 10, GenuineIntel
TMP=C:\Users\USER\AppData\Local\Temp
TEMP=C:\Users\USER\AppData\Local\Temp




Periodic native trim disabled

---------------  S Y S T E M  ---------------

OS:
 Windows 11 , 64 bit Build 26100 (10.0.26100.8875)
OS uptime: 0 days 10:03 hours

CPU: total 4 (initial active 4) (2 cores per cpu, 2 threads per core) family 6 model 142 stepping 10 microcode 0xe0, cx8, cmov, fxsr, ht, mmx, 3dnowpref, sse, sse2, sse3, ssse3, sse4.1, sse4.2, popcnt, lzcnt, tsc, tscinvbit, avx, avx2, aes, erms, clmul, bmi1, bmi2, adx, fma, vzeroupper, clflush, clflushopt, rdtscp, f16c
Processor Information for all 4 processors :
  Max Mhz: 2201, Current Mhz: 2201, Mhz Limit: 2201

Memory: 4k page, system-wide physical 16295M (4555M free)
TotalPageFile size 18471M (AvailPageFile size 3240M)
current process WorkingSet (physical memory assigned to process): 284M, peak: 329M
current process commit charge ("private bytes"): 312M, peak: 401M

vm_info: Java HotSpot(TM) 64-Bit Server VM (21.0.9+7-LTS-338) for windows-amd64 JRE (21.0.9+7-LTS-338), built on 2025-09-26T06:33:49Z by "mach5run" with MS VC++ 17.6 (VS2022)

END.
